Arguments: 
  /Users/oliviachang/.config/yarn/global/node_modules/node/bin/node /Users/oliviachang/.yarn/bin/yarn.js add sqlite3@3.1.4

PATH: 
  /Users/oliviachang/.rvm/gems/ruby-2.3.0/bin:/Users/oliviachang/.rvm/gems/ruby-2.3.0@global/bin:/Users/oliviachang/.rvm/rubies/ruby-2.3.0/bin:/Users//Users/oliviachang/.nodenv/versions/10.10.0/bin:/Users/oliviachang/Library/Python/2.7/bin/:/Users/oliviachang/.yarn/bin:/Library/Frameworks/Python.framework/Versions/3.7/bin:/usr/local/bin:/usr/bin:/bin:/usr/sbin:/sbin:/Library/TeX/texbin:/usr/local/go/bin:/opt/X11/bin:/Users/oliviachang/.npm-global/bin:/Users/oliviachang/.rvm/bin

Yarn version: 
  1.7.0

Node version: 
  10.7.0

Platform: 
  darwin x64

Trace: 
  Error: https://registry.yarnpkg.com/@okta%2fjwt-verifier: ETIMEDOUT
      at Timeout._onTimeout (/Users/oliviachang/.yarn/lib/cli.js:135339:19)
      at ontimeout (timers.js:427:11)
      at tryOnTimeout (timers.js:289:5)
      at listOnTimeout (timers.js:252:5)
      at Timer.processTimers (timers.js:212:10)

npm manifest: 
  {
    "name": "scholarbird",
    "version": "0.1.0",
    "private": true,
    "dependencies": {
      "@okta/jwt-verifier": "0.0.12",
      "@okta/okta-react": "^1.0.3",
      "body-parser": "1.18.3",
      "bootstrap": "4.3.1",
      "colors": "^1.1.2",
      "cors": "2.8.4",
      "cross-env": "^5.1.3",
      "dotenv": "6.0.0",
      "epilogue": "0.7.1",
      "express": "4.16.3",
      "global": "^4.3.2",
      "lodash": "^4.17.11",
      "nodemon": "^1.18.10",
      "react": "^16.2.0",
      "react-bootstrap": "1.0.0-beta.6",
      "react-dom": "^16.2.0",
      "react-router-dom": "^4.2.2",
      "react-scripts": "1.0.17",
      "semantic-ui-css": "^2.2.12",
      "semantic-ui-react": "^0.77.1",
      "sequelize": "4.38.0",
      "sqlite": "2.9.2",
      "sqlite3": "3.1.4"
    },
    "scripts": {
      "start": "cross-env PORT=8080 SERVER_PORT=8081 npm-run-all --parallel start:server watch:server start:web",
      "start:web": "react-scripts start",
      "start:server": "node src/server",
      "watch:server": "nodemon --watch src/server src/server",
      "build": "react-scripts build",
      "test": "echo 'Tests not yet implemented' && exit 1",
      "eject": "react-scripts eject",
      "postinstall": "node post-install.js"
    },
    "devDependencies": {
      "npm-run-all": "4.1.3"
    },
    "engines": {
      "node": "10.7.0"
    }
  }

yarn manifest: 
  No manifest

Lockfile: 
  No lockfile
